<?xml version="1.0" encoding="UTF-8"?>
<!-- Generated by org.testng.reporters.JUnitReportReporter -->
<testsuite hostname="THINKPAD-DEO" failures="0" tests="1" name="test.homeTest" time="1.729" errors="0" timestamp="2024-08-24T20:28:21 IST" skipped="0">
  <testcase classname="test.homeTest" name="clickonwhatWedo" time="1.729"/>
</testsuite> <!-- test.homeTest -->
