<?xml version="1.0" encoding="UTF-8"?>
<!-- Generated by org.testng.reporters.JUnitReportReporter -->
<testsuite hostname="THINKPAD-DEO" failures="0" tests="4" name="test.whatwedoTest" time="4.679" errors="0" timestamp="2024-08-24T21:21:50 IST" skipped="0">
  <testcase classname="test.whatwedoTest" name="mobileapp" time="1.785"/>
  <testcase classname="test.whatwedoTest" name="whatWedo" time="1.231"/>
  <testcase classname="test.whatwedoTest" name="crmsoftware" time="0.840"/>
  <testcase classname="test.whatwedoTest" name="software" time="0.823"/>
</testsuite> <!-- test.whatwedoTest -->
